Performing C SOURCE FILE Test CMAKE_HAVE_LIBC_PTHREAD failed with the following output:
Change Dir: /home/sharon/Descargas/projects/build/CMakeFiles/CMakeTmp

Run Build Command(s):/usr/bin/make cmTC_c67cd/fast && /usr/bin/make -f CMakeFiles/cmTC_c67cd.dir/build.make CMakeFiles/cmTC_c67cd.dir/build
make[1]: se entra en el directorio '/home/sharon/Descargas/projects/build/CMakeFiles/CMakeTmp'
Building C object CMakeFiles/cmTC_c67cd.dir/src.c.o
/bin/clang-10   -DCMAKE_HAVE_LIBC_PTHREAD   -o CMakeFiles/cmTC_c67cd.dir/src.c.o   -c /home/sharon/Descargas/projects/build/CMakeFiles/CMakeTmp/src.c
Linking C executable cmTC_c67cd
/usr/bin/cmake -E cmake_link_script CMakeFiles/cmTC_c67cd.dir/link.txt --verbose=1
/bin/clang-10  -DCMAKE_HAVE_LIBC_PTHREAD    -rdynamic CMakeFiles/cmTC_c67cd.dir/src.c.o  -o cmTC_c67cd 
/bin/ld: CMakeFiles/cmTC_c67cd.dir/src.c.o: en la función `main':
src.c:(.text+0x35): referencia a `pthread_create' sin definir
/bin/ld: src.c:(.text+0x41): referencia a `pthread_detach' sin definir
/bin/ld: src.c:(.text+0x53): referencia a `pthread_join' sin definir
clang: error: linker command failed with exit code 1 (use -v to see invocation)
make[1]: *** [CMakeFiles/cmTC_c67cd.dir/build.make:87: cmTC_c67cd] Error 1
make[1]: se sale del directorio '/home/sharon/Descargas/projects/build/CMakeFiles/CMakeTmp'
make: *** [Makefile:121: cmTC_c67cd/fast] Error 2


Source file was:
#include <pthread.h>

void* test_func(void* data)
{
  return data;
}

int main(void)
{
  pthread_t thread;
  pthread_create(&thread, NULL, test_func, NULL);
  pthread_detach(thread);
  pthread_join(thread, NULL);
  pthread_atfork(NULL, NULL, NULL);
  pthread_exit(NULL);

  return 0;
}

Determining if the function pthread_create exists in the pthreads failed with the following output:
Change Dir: /home/sharon/Descargas/projects/build/CMakeFiles/CMakeTmp

Run Build Command(s):/usr/bin/make cmTC_1004f/fast && /usr/bin/make -f CMakeFiles/cmTC_1004f.dir/build.make CMakeFiles/cmTC_1004f.dir/build
make[1]: se entra en el directorio '/home/sharon/Descargas/projects/build/CMakeFiles/CMakeTmp'
Building C object CMakeFiles/cmTC_1004f.dir/CheckFunctionExists.c.o
/bin/clang-10   -DCHECK_FUNCTION_EXISTS=pthread_create   -o CMakeFiles/cmTC_1004f.dir/CheckFunctionExists.c.o   -c /usr/share/cmake-3.16/Modules/CheckFunctionExists.c
Linking C executable cmTC_1004f
/usr/bin/cmake -E cmake_link_script CMakeFiles/cmTC_1004f.dir/link.txt --verbose=1
/bin/clang-10  -DCHECK_FUNCTION_EXISTS=pthread_create    -rdynamic CMakeFiles/cmTC_1004f.dir/CheckFunctionExists.c.o  -o cmTC_1004f  -lpthreads 
/bin/ld: no se puede encontrar -lpthreads
clang: error: linker command failed with exit code 1 (use -v to see invocation)
make[1]: *** [CMakeFiles/cmTC_1004f.dir/build.make:87: cmTC_1004f] Error 1
make[1]: se sale del directorio '/home/sharon/Descargas/projects/build/CMakeFiles/CMakeTmp'
make: *** [Makefile:121: cmTC_1004f/fast] Error 2



